{"C:\\Users\\Lenovo\\Desktop\\practice\\nurse-mgmt\\src\\db.ts": {"path":"C:\\Users\\Lenovo\\Desktop\\practice\\nurse-mgmt\\src\\db.ts","statementMap":{"0":{"start":{"line":1,"column":0},"end":{"line":1,"column":24}},"1":{"start":{"line":2,"column":0},"end":{"line":2,"column":36}},"2":{"start":{"line":5,"column":13},"end":{"line":5,"column":29}},"3":{"start":{"line":7,"column":0},"end":{"line":7,"column":20}}},"fnMap":{},"branchMap":{},"s":{"0":1,"1":1,"2":1,"3":1},"f":{},"b":{}}
,"C:\\Users\\Lenovo\\Desktop\\practice\\nurse-mgmt\\src\\index.ts": {"path":"C:\\Users\\Lenovo\\Desktop\\practice\\nurse-mgmt\\src\\index.ts","statementMap":{"0":{"start":{"line":1,"column":0},"end":{"line":1,"column":62}},"1":{"start":{"line":2,"column":0},"end":{"line":2,"column":28}},"2":{"start":{"line":4,"column":13},"end":{"line":4,"column":28}},"3":{"start":{"line":8,"column":15},"end":{"line":8,"column":34}},"4":{"start":{"line":10,"column":0},"end":{"line":10,"column":16}},"5":{"start":{"line":12,"column":21},"end":{"line":12,"column":30}},"6":{"start":{"line":13,"column":13},"end":{"line":13,"column":29}},"7":{"start":{"line":20,"column":0},"end":{"line":20,"column":16}},"8":{"start":{"line":21,"column":0},"end":{"line":21,"column":24}},"9":{"start":{"line":22,"column":0},"end":{"line":22,"column":21}},"10":{"start":{"line":24,"column":0},"end":{"line":26,"column":3}},"11":{"start":{"line":25,"column":2},"end":{"line":25,"column":75}},"12":{"start":{"line":28,"column":0},"end":{"line":28,"column":19}}},"fnMap":{"0":{"name":"(anonymous_1)","decl":{"start":{"line":24,"column":17},"end":{"line":24,"column":20}},"loc":{"start":{"line":24,"column":22},"end":{"line":26,"column":1}}}},"branchMap":{},"s":{"0":1,"1":1,"2":1,"3":1,"4":1,"5":1,"6":1,"7":1,"8":1,"9":1,"10":1,"11":1,"12":1},"f":{"0":1},"b":{}}
,"C:\\Users\\Lenovo\\Desktop\\practice\\nurse-mgmt\\src\\knexfile.ts": {"path":"C:\\Users\\Lenovo\\Desktop\\practice\\nurse-mgmt\\src\\knexfile.ts","statementMap":{"0":{"start":{"line":20,"column":0},"end":{"line":35,"column":4}}},"fnMap":{},"branchMap":{},"s":{"0":1},"f":{},"b":{}}
,"C:\\Users\\Lenovo\\Desktop\\practice\\nurse-mgmt\\src\\routes.ts": {"path":"C:\\Users\\Lenovo\\Desktop\\practice\\nurse-mgmt\\src\\routes.ts","statementMap":{"0":{"start":{"line":1,"column":0},"end":{"line":1,"column":42}},"1":{"start":{"line":3,"column":23},"end":{"line":3,"column":39}},"2":{"start":{"line":5,"column":19},"end":{"line":5,"column":49}},"3":{"start":{"line":6,"column":20},"end":{"line":6,"column":51}},"4":{"start":{"line":7,"column":19},"end":{"line":7,"column":49}},"5":{"start":{"line":9,"column":0},"end":{"line":9,"column":56}},"6":{"start":{"line":11,"column":0},"end":{"line":13,"column":null}},"7":{"start":{"line":12,"column":4},"end":{"line":12,"column":38}},"8":{"start":{"line":15,"column":0},"end":{"line":15,"column":32}},"9":{"start":{"line":18,"column":0},"end":{"line":18,"column":49}},"10":{"start":{"line":19,"column":0},"end":{"line":19,"column":33}},"11":{"start":{"line":22,"column":0},"end":{"line":22,"column":24}}},"fnMap":{"0":{"name":"(anonymous_1)","decl":{"start":{"line":11,"column":16},"end":{"line":11,"column":17}},"loc":{"start":{"line":11,"column":28},"end":{"line":13,"column":1}}}},"branchMap":{},"s":{"0":1,"1":1,"2":1,"3":1,"4":1,"5":1,"6":1,"7":1,"8":1,"9":1,"10":1,"11":1},"f":{"0":1},"b":{}}
,"C:\\Users\\Lenovo\\Desktop\\practice\\nurse-mgmt\\src\\controllers\\authController.ts": {"path":"C:\\Users\\Lenovo\\Desktop\\practice\\nurse-mgmt\\src\\controllers\\authController.ts","statementMap":{"0":{"start":{"line":3,"column":10},"end":{"line":3,"column":33}},"1":{"start":{"line":5,"column":15},"end":{"line":5,"column":32}},"2":{"start":{"line":6,"column":19},"end":{"line":6,"column":21}},"3":{"start":{"line":8,"column":18},"end":{"line":8,"column":28}},"4":{"start":{"line":9,"column":0},"end":{"line":9,"column":70}},"5":{"start":{"line":12,"column":22},"end":{"line":30,"column":1}},"6":{"start":{"line":13,"column":4},"end":{"line":29,"column":null}},"7":{"start":{"line":14,"column":8},"end":{"line":14,"column":34}},"8":{"start":{"line":15,"column":8},"end":{"line":27,"column":null}},"9":{"start":{"line":18,"column":27},"end":{"line":22,"column":14}},"10":{"start":{"line":24,"column":24},"end":{"line":24,"column":53}},"11":{"start":{"line":25,"column":12},"end":{"line":25,"column":69}},"12":{"start":{"line":28,"column":8},"end":{"line":28,"column":73}},"13":{"start":{"line":12,"column":13},"end":{"line":12,"column":22}},"14":{"start":{"line":32,"column":22},"end":{"line":47,"column":1}},"15":{"start":{"line":34,"column":15},"end":{"line":34,"column":23}},"16":{"start":{"line":36,"column":4},"end":{"line":36,"column":68}},"17":{"start":{"line":38,"column":4},"end":{"line":44,"column":9}},"18":{"start":{"line":40,"column":8},"end":{"line":40,"column":26}},"19":{"start":{"line":41,"column":8},"end":{"line":41,"column":25}},"20":{"start":{"line":43,"column":8},"end":{"line":43,"column":20}},"21":{"start":{"line":32,"column":13},"end":{"line":32,"column":22}}},"fnMap":{"0":{"name":"(anonymous_0)","decl":{"start":{"line":12,"column":22},"end":{"line":12,"column":23}},"loc":{"start":{"line":12,"column":74},"end":{"line":30,"column":1}}},"1":{"name":"(anonymous_1)","decl":{"start":{"line":13,"column":42},"end":{"line":13,"column":43}},"loc":{"start":{"line":13,"column":51},"end":{"line":29,"column":5}}},"2":{"name":"(anonymous_2)","decl":{"start":{"line":32,"column":22},"end":{"line":32,"column":23}},"loc":{"start":{"line":32,"column":73},"end":{"line":47,"column":1}}},"3":{"name":"(anonymous_3)","decl":{"start":{"line":38,"column":26},"end":{"line":38,"column":27}},"loc":{"start":{"line":38,"column":35},"end":{"line":42,"column":7}}},"4":{"name":"(anonymous_4)","decl":{"start":{"line":42,"column":15},"end":{"line":42,"column":16}},"loc":{"start":{"line":42,"column":25},"end":{"line":44,"column":7}}}},"branchMap":{"0":{"loc":{"start":{"line":15,"column":8},"end":{"line":27,"column":null}},"type":"if","locations":[{"start":{"line":15,"column":8},"end":{"line":27,"column":null}}]}},"s":{"0":1,"1":1,"2":1,"3":1,"4":1,"5":1,"6":0,"7":0,"8":0,"9":0,"10":0,"11":0,"12":0,"13":1,"14":1,"15":0,"16":0,"17":0,"18":0,"19":0,"20":0,"21":1},"f":{"0":0,"1":0,"2":0,"3":0,"4":0},"b":{"0":[0]}}
,"C:\\Users\\Lenovo\\Desktop\\practice\\nurse-mgmt\\src\\controllers\\nurseController.ts": {"path":"C:\\Users\\Lenovo\\Desktop\\practice\\nurse-mgmt\\src\\controllers\\nurseController.ts","statementMap":{"0":{"start":{"line":4,"column":0},"end":{"line":4,"column":null}},"1":{"start":{"line":13,"column":22},"end":{"line":27,"column":1}},"2":{"start":{"line":14,"column":16},"end":{"line":14,"column":24}},"3":{"start":{"line":15,"column":4},"end":{"line":19,"column":null}},"4":{"start":{"line":16,"column":8},"end":{"line":16,"column":36}},"5":{"start":{"line":18,"column":8},"end":{"line":18,"column":26}},"6":{"start":{"line":20,"column":4},"end":{"line":22,"column":null}},"7":{"start":{"line":21,"column":8},"end":{"line":21,"column":40}},"8":{"start":{"line":24,"column":4},"end":{"line":26,"column":37}},"9":{"start":{"line":25,"column":8},"end":{"line":25,"column":37}},"10":{"start":{"line":26,"column":24},"end":{"line":26,"column":35}},"11":{"start":{"line":13,"column":13},"end":{"line":13,"column":22}},"12":{"start":{"line":29,"column":24},"end":{"line":34,"column":1}},"13":{"start":{"line":30,"column":4},"end":{"line":30,"column":null}},"14":{"start":{"line":31,"column":4},"end":{"line":33,"column":37}},"15":{"start":{"line":32,"column":8},"end":{"line":32,"column":23}},"16":{"start":{"line":33,"column":24},"end":{"line":33,"column":35}},"17":{"start":{"line":29,"column":13},"end":{"line":29,"column":24}},"18":{"start":{"line":36,"column":25},"end":{"line":40,"column":1}},"19":{"start":{"line":37,"column":1},"end":{"line":39,"column":29}},"20":{"start":{"line":38,"column":15},"end":{"line":38,"column":33}},"21":{"start":{"line":39,"column":18},"end":{"line":39,"column":27}},"22":{"start":{"line":36,"column":13},"end":{"line":36,"column":25}},"23":{"start":{"line":43,"column":22},"end":{"line":68,"column":1}},"24":{"start":{"line":44,"column":15},"end":{"line":44,"column":33}},"25":{"start":{"line":46,"column":4},"end":{"line":65,"column":33}},"26":{"start":{"line":47,"column":20},"end":{"line":47,"column":28}},"27":{"start":{"line":48,"column":8},"end":{"line":48,"column":36}},"28":{"start":{"line":49,"column":8},"end":{"line":49,"column":null}},"29":{"start":{"line":51,"column":8},"end":{"line":62,"column":null}},"30":{"start":{"line":52,"column":12},"end":{"line":56,"column":null}},"31":{"start":{"line":53,"column":16},"end":{"line":53,"column":48}},"32":{"start":{"line":55,"column":16},"end":{"line":55,"column":null}},"33":{"start":{"line":57,"column":12},"end":{"line":57,"column":39}},"34":{"start":{"line":58,"column":12},"end":{"line":58,"column":42}},"35":{"start":{"line":61,"column":12},"end":{"line":61,"column":null}},"36":{"start":{"line":64,"column":18},"end":{"line":64,"column":32}},"37":{"start":{"line":65,"column":20},"end":{"line":65,"column":31}},"38":{"start":{"line":43,"column":13},"end":{"line":43,"column":22}},"39":{"start":{"line":70,"column":27},"end":{"line":85,"column":1}},"40":{"start":{"line":71,"column":15},"end":{"line":71,"column":33}},"41":{"start":{"line":72,"column":4},"end":{"line":72,"column":24}},"42":{"start":{"line":73,"column":4},"end":{"line":84,"column":33}},"43":{"start":{"line":74,"column":8},"end":{"line":74,"column":34}},"44":{"start":{"line":75,"column":8},"end":{"line":81,"column":null}},"45":{"start":{"line":77,"column":12},"end":{"line":77,"column":39}},"46":{"start":{"line":80,"column":12},"end":{"line":80,"column":null}},"47":{"start":{"line":83,"column":18},"end":{"line":83,"column":32}},"48":{"start":{"line":84,"column":20},"end":{"line":84,"column":31}},"49":{"start":{"line":70,"column":13},"end":{"line":70,"column":27}}},"fnMap":{"0":{"name":"(anonymous_0)","decl":{"start":{"line":13,"column":22},"end":{"line":13,"column":23}},"loc":{"start":{"line":13,"column":70},"end":{"line":27,"column":1}}},"1":{"name":"(anonymous_1)","decl":{"start":{"line":24,"column":28},"end":{"line":24,"column":29}},"loc":{"start":{"line":24,"column":37},"end":{"line":26,"column":5}}},"2":{"name":"(anonymous_2)","decl":{"start":{"line":26,"column":13},"end":{"line":26,"column":14}},"loc":{"start":{"line":26,"column":24},"end":{"line":26,"column":35}}},"3":{"name":"(anonymous_3)","decl":{"start":{"line":29,"column":24},"end":{"line":29,"column":25}},"loc":{"start":{"line":29,"column":75},"end":{"line":34,"column":1}}},"4":{"name":"(anonymous_4)","decl":{"start":{"line":31,"column":26},"end":{"line":31,"column":27}},"loc":{"start":{"line":31,"column":35},"end":{"line":33,"column":5}}},"5":{"name":"(anonymous_5)","decl":{"start":{"line":33,"column":13},"end":{"line":33,"column":14}},"loc":{"start":{"line":33,"column":24},"end":{"line":33,"column":35}}},"6":{"name":"(anonymous_6)","decl":{"start":{"line":36,"column":25},"end":{"line":36,"column":26}},"loc":{"start":{"line":36,"column":70},"end":{"line":40,"column":1}}},"7":{"name":"(anonymous_7)","decl":{"start":{"line":38,"column":7},"end":{"line":38,"column":11}},"loc":{"start":{"line":38,"column":15},"end":{"line":38,"column":33}}},"8":{"name":"(anonymous_8)","decl":{"start":{"line":39,"column":11},"end":{"line":39,"column":14}},"loc":{"start":{"line":39,"column":18},"end":{"line":39,"column":27}}},"9":{"name":"(anonymous_9)","decl":{"start":{"line":43,"column":22},"end":{"line":43,"column":23}},"loc":{"start":{"line":43,"column":70},"end":{"line":68,"column":1}}},"10":{"name":"(anonymous_10)","decl":{"start":{"line":46,"column":28},"end":{"line":46,"column":29}},"loc":{"start":{"line":46,"column":37},"end":{"line":63,"column":5}}},"11":{"name":"(anonymous_11)","decl":{"start":{"line":64,"column":10},"end":{"line":64,"column":14}},"loc":{"start":{"line":64,"column":18},"end":{"line":64,"column":32}}},"12":{"name":"(anonymous_12)","decl":{"start":{"line":65,"column":11},"end":{"line":65,"column":16}},"loc":{"start":{"line":65,"column":20},"end":{"line":65,"column":31}}},"13":{"name":"(anonymous_13)","decl":{"start":{"line":70,"column":27},"end":{"line":70,"column":28}},"loc":{"start":{"line":70,"column":75},"end":{"line":85,"column":1}}},"14":{"name":"(anonymous_14)","decl":{"start":{"line":73,"column":28},"end":{"line":73,"column":29}},"loc":{"start":{"line":73,"column":37},"end":{"line":82,"column":5}}},"15":{"name":"(anonymous_15)","decl":{"start":{"line":83,"column":10},"end":{"line":83,"column":14}},"loc":{"start":{"line":83,"column":18},"end":{"line":83,"column":32}}},"16":{"name":"(anonymous_16)","decl":{"start":{"line":84,"column":11},"end":{"line":84,"column":16}},"loc":{"start":{"line":84,"column":20},"end":{"line":84,"column":31}}}},"branchMap":{"0":{"loc":{"start":{"line":15,"column":4},"end":{"line":19,"column":null}},"type":"if","locations":[{"start":{"line":15,"column":4},"end":{"line":19,"column":null}},{"start":{"line":17,"column":11},"end":{"line":19,"column":null}}]},"1":{"loc":{"start":{"line":20,"column":4},"end":{"line":22,"column":null}},"type":"if","locations":[{"start":{"line":20,"column":4},"end":{"line":22,"column":null}}]},"2":{"loc":{"start":{"line":51,"column":8},"end":{"line":62,"column":null}},"type":"if","locations":[{"start":{"line":51,"column":8},"end":{"line":62,"column":null}},{"start":{"line":60,"column":15},"end":{"line":62,"column":null}}]},"3":{"loc":{"start":{"line":52,"column":12},"end":{"line":56,"column":null}},"type":"if","locations":[{"start":{"line":52,"column":12},"end":{"line":56,"column":null}},{"start":{"line":54,"column":19},"end":{"line":56,"column":null}}]},"4":{"loc":{"start":{"line":75,"column":8},"end":{"line":81,"column":null}},"type":"if","locations":[{"start":{"line":75,"column":8},"end":{"line":81,"column":null}},{"start":{"line":79,"column":15},"end":{"line":81,"column":null}}]}},"s":{"0":1,"1":1,"2":0,"3":0,"4":0,"5":0,"6":0,"7":0,"8":0,"9":0,"10":0,"11":1,"12":1,"13":0,"14":0,"15":0,"16":0,"17":1,"18":1,"19":0,"20":0,"21":0,"22":1,"23":1,"24":0,"25":0,"26":0,"27":0,"28":0,"29":0,"30":0,"31":0,"32":0,"33":0,"34":0,"35":0,"36":0,"37":0,"38":1,"39":1,"40":0,"41":0,"42":0,"43":0,"44":0,"45":0,"46":0,"47":0,"48":0,"49":1},"f":{"0":0,"1":0,"2":0,"3":0,"4":0,"5":0,"6":0,"7":0,"8":0,"9":0,"10":0,"11":0,"12":0,"13":0,"14":0,"15":0,"16":0},"b":{"0":[0,0],"1":[0],"2":[0,0],"3":[0,0],"4":[0,0]}}
,"C:\\Users\\Lenovo\\Desktop\\practice\\nurse-mgmt\\src\\middlewares\\imageUpload.ts": {"path":"C:\\Users\\Lenovo\\Desktop\\practice\\nurse-mgmt\\src\\middlewares\\imageUpload.ts","statementMap":{"0":{"start":{"line":3,"column":0},"end":{"line":3,"column":37}},"1":{"start":{"line":5,"column":21},"end":{"line":5,"column":43}},"2":{"start":{"line":7,"column":20},"end":{"line":16,"column":1}},"3":{"start":{"line":8,"column":4},"end":{"line":15,"column":7}},"4":{"start":{"line":9,"column":8},"end":{"line":9,"column":null}},"5":{"start":{"line":10,"column":8},"end":{"line":12,"column":null}},"6":{"start":{"line":11,"column":10},"end":{"line":11,"column":95}},"7":{"start":{"line":14,"column":8},"end":{"line":14,"column":15}},"8":{"start":{"line":18,"column":0},"end":{"line":18,"column":27}}},"fnMap":{"0":{"name":"(anonymous_1)","decl":{"start":{"line":7,"column":20},"end":{"line":7,"column":21}},"loc":{"start":{"line":7,"column":67},"end":{"line":16,"column":1}}},"1":{"name":"(anonymous_2)","decl":{"start":{"line":8,"column":27},"end":{"line":8,"column":36}},"loc":{"start":{"line":8,"column":43},"end":{"line":15,"column":5}}}},"branchMap":{"0":{"loc":{"start":{"line":10,"column":8},"end":{"line":12,"column":null}},"type":"if","locations":[{"start":{"line":10,"column":8},"end":{"line":12,"column":null}}]}},"s":{"0":1,"1":1,"2":1,"3":0,"4":0,"5":0,"6":0,"7":0,"8":1},"f":{"0":0,"1":0},"b":{"0":[0]}}
,"C:\\Users\\Lenovo\\Desktop\\practice\\nurse-mgmt\\src\\middlewares\\verification.ts": {"path":"C:\\Users\\Lenovo\\Desktop\\practice\\nurse-mgmt\\src\\middlewares\\verification.ts","statementMap":{"0":{"start":{"line":3,"column":12},"end":{"line":3,"column":35}},"1":{"start":{"line":5,"column":18},"end":{"line":5,"column":28}},"2":{"start":{"line":7,"column":28},"end":{"line":26,"column":1}},"3":{"start":{"line":8,"column":18},"end":{"line":8,"column":57}},"4":{"start":{"line":10,"column":4},"end":{"line":12,"column":null}},"5":{"start":{"line":11,"column":8},"end":{"line":11,"column":71}},"6":{"start":{"line":17,"column":4},"end":{"line":24,"column":7}},"7":{"start":{"line":18,"column":8},"end":{"line":20,"column":null}},"8":{"start":{"line":19,"column":12},"end":{"line":19,"column":86}},"9":{"start":{"line":22,"column":8},"end":{"line":22,"column":27}},"10":{"start":{"line":23,"column":8},"end":{"line":23,"column":15}},"11":{"start":{"line":7,"column":13},"end":{"line":7,"column":28}}},"fnMap":{"0":{"name":"(anonymous_0)","decl":{"start":{"line":7,"column":28},"end":{"line":7,"column":29}},"loc":{"start":{"line":7,"column":75},"end":{"line":26,"column":1}}},"1":{"name":"(anonymous_1)","decl":{"start":{"line":17,"column":33},"end":{"line":17,"column":34}},"loc":{"start":{"line":17,"column":58},"end":{"line":24,"column":5}}}},"branchMap":{"0":{"loc":{"start":{"line":10,"column":4},"end":{"line":12,"column":null}},"type":"if","locations":[{"start":{"line":10,"column":4},"end":{"line":12,"column":null}}]},"1":{"loc":{"start":{"line":18,"column":8},"end":{"line":20,"column":null}},"type":"if","locations":[{"start":{"line":18,"column":8},"end":{"line":20,"column":null}}]}},"s":{"0":1,"1":1,"2":1,"3":0,"4":0,"5":0,"6":0,"7":0,"8":0,"9":0,"10":0,"11":1},"f":{"0":0,"1":0},"b":{"0":[0],"1":[0]}}
,"C:\\Users\\Lenovo\\Desktop\\practice\\nurse-mgmt\\src\\routes\\authRoutes.ts": {"path":"C:\\Users\\Lenovo\\Desktop\\practice\\nurse-mgmt\\src\\routes\\authRoutes.ts","statementMap":{"0":{"start":{"line":1,"column":0},"end":{"line":1,"column":42}},"1":{"start":{"line":3,"column":0},"end":{"line":3,"column":61}},"2":{"start":{"line":5,"column":23},"end":{"line":5,"column":39}},"3":{"start":{"line":7,"column":0},"end":{"line":7,"column":31}},"4":{"start":{"line":8,"column":0},"end":{"line":8,"column":30}},"5":{"start":{"line":12,"column":0},"end":{"line":12,"column":23}}},"fnMap":{},"branchMap":{},"s":{"0":1,"1":1,"2":1,"3":1,"4":1,"5":1},"f":{},"b":{}}
,"C:\\Users\\Lenovo\\Desktop\\practice\\nurse-mgmt\\src\\routes\\nurseRoutes.ts": {"path":"C:\\Users\\Lenovo\\Desktop\\practice\\nurse-mgmt\\src\\routes\\nurseRoutes.ts","statementMap":{"0":{"start":{"line":1,"column":0},"end":{"line":1,"column":42}},"1":{"start":{"line":3,"column":23},"end":{"line":3,"column":39}},"2":{"start":{"line":8,"column":0},"end":{"line":8,"column":52}},"3":{"start":{"line":11,"column":0},"end":{"line":11,"column":96}},"4":{"start":{"line":13,"column":0},"end":{"line":13,"column":null}},"5":{"start":{"line":15,"column":0},"end":{"line":15,"column":37}},"6":{"start":{"line":17,"column":0},"end":{"line":17,"column":35}},"7":{"start":{"line":19,"column":0},"end":{"line":19,"column":45}},"8":{"start":{"line":21,"column":0},"end":{"line":21,"column":40}},"9":{"start":{"line":24,"column":0},"end":{"line":24,"column":24}}},"fnMap":{},"branchMap":{},"s":{"0":1,"1":1,"2":1,"3":1,"4":1,"5":1,"6":1,"7":1,"8":1,"9":1},"f":{},"b":{}}
,"C:\\Users\\Lenovo\\Desktop\\practice\\nurse-mgmt\\src\\routes\\userRoutes.ts": {"path":"C:\\Users\\Lenovo\\Desktop\\practice\\nurse-mgmt\\src\\routes\\userRoutes.ts","statementMap":{"0":{"start":{"line":1,"column":0},"end":{"line":1,"column":42}},"1":{"start":{"line":3,"column":23},"end":{"line":3,"column":39}},"2":{"start":{"line":5,"column":0},"end":{"line":7,"column":3}},"3":{"start":{"line":6,"column":4},"end":{"line":6,"column":22}},"4":{"start":{"line":9,"column":0},"end":{"line":11,"column":null}},"5":{"start":{"line":10,"column":4},"end":{"line":10,"column":23}},"6":{"start":{"line":14,"column":0},"end":{"line":14,"column":24}}},"fnMap":{"0":{"name":"(anonymous_1)","decl":{"start":{"line":5,"column":16},"end":{"line":5,"column":17}},"loc":{"start":{"line":5,"column":28},"end":{"line":7,"column":1}}},"1":{"name":"(anonymous_2)","decl":{"start":{"line":9,"column":22},"end":{"line":9,"column":23}},"loc":{"start":{"line":9,"column":35},"end":{"line":11,"column":1}}}},"branchMap":{},"s":{"0":1,"1":1,"2":1,"3":0,"4":1,"5":0,"6":1},"f":{"0":0,"1":0},"b":{}}
,"C:\\Users\\Lenovo\\Desktop\\practice\\nurse-mgmt\\src\\services\\nurseServices.ts": {"path":"C:\\Users\\Lenovo\\Desktop\\practice\\nurse-mgmt\\src\\services\\nurseServices.ts","statementMap":{"0":{"start":{"line":4,"column":0},"end":{"line":4,"column":25}},"1":{"start":{"line":18,"column":27},"end":{"line":20,"column":1}},"2":{"start":{"line":19,"column":4},"end":{"line":19,"column":40}},"3":{"start":{"line":18,"column":13},"end":{"line":18,"column":27}},"4":{"start":{"line":22,"column":30},"end":{"line":24,"column":1}},"5":{"start":{"line":23,"column":4},"end":{"line":23,"column":41}},"6":{"start":{"line":22,"column":13},"end":{"line":22,"column":30}},"7":{"start":{"line":26,"column":30},"end":{"line":28,"column":1}},"8":{"start":{"line":27,"column":4},"end":{"line":27,"column":55}},"9":{"start":{"line":26,"column":13},"end":{"line":26,"column":30}},"10":{"start":{"line":30,"column":27},"end":{"line":32,"column":1}},"11":{"start":{"line":31,"column":4},"end":{"line":31,"column":61}},"12":{"start":{"line":30,"column":13},"end":{"line":30,"column":27}},"13":{"start":{"line":34,"column":31},"end":{"line":36,"column":1}},"14":{"start":{"line":35,"column":4},"end":{"line":35,"column":53}},"15":{"start":{"line":34,"column":13},"end":{"line":34,"column":31}}},"fnMap":{"0":{"name":"(anonymous_1)","decl":{"start":{"line":18,"column":27},"end":{"line":18,"column":28}},"loc":{"start":{"line":18,"column":44},"end":{"line":20,"column":1}}},"1":{"name":"(anonymous_2)","decl":{"start":{"line":22,"column":30},"end":{"line":22,"column":33}},"loc":{"start":{"line":22,"column":35},"end":{"line":24,"column":1}}},"2":{"name":"(anonymous_3)","decl":{"start":{"line":26,"column":30},"end":{"line":26,"column":31}},"loc":{"start":{"line":26,"column":50},"end":{"line":28,"column":1}}},"3":{"name":"(anonymous_4)","decl":{"start":{"line":30,"column":27},"end":{"line":30,"column":28}},"loc":{"start":{"line":30,"column":61},"end":{"line":32,"column":1}}},"4":{"name":"(anonymous_5)","decl":{"start":{"line":34,"column":31},"end":{"line":34,"column":32}},"loc":{"start":{"line":34,"column":51},"end":{"line":36,"column":1}}}},"branchMap":{},"s":{"0":1,"1":1,"2":0,"3":1,"4":1,"5":0,"6":1,"7":1,"8":0,"9":1,"10":1,"11":0,"12":1,"13":1,"14":0,"15":1},"f":{"0":0,"1":0,"2":0,"3":0,"4":0},"b":{}}
,"C:\\Users\\Lenovo\\Desktop\\practice\\nurse-mgmt\\src\\services\\userSerivces.ts": {"path":"C:\\Users\\Lenovo\\Desktop\\practice\\nurse-mgmt\\src\\services\\userSerivces.ts","statementMap":{"0":{"start":{"line":4,"column":0},"end":{"line":4,"column":25}},"1":{"start":{"line":14,"column":26},"end":{"line":16,"column":1}},"2":{"start":{"line":15,"column":4},"end":{"line":15,"column":38}},"3":{"start":{"line":14,"column":13},"end":{"line":14,"column":26}},"4":{"start":{"line":18,"column":32},"end":{"line":20,"column":1}},"5":{"start":{"line":19,"column":4},"end":{"line":19,"column":55}},"6":{"start":{"line":18,"column":13},"end":{"line":18,"column":32}}},"fnMap":{"0":{"name":"(anonymous_1)","decl":{"start":{"line":14,"column":26},"end":{"line":14,"column":27}},"loc":{"start":{"line":14,"column":40},"end":{"line":16,"column":1}}},"1":{"name":"(anonymous_2)","decl":{"start":{"line":18,"column":32},"end":{"line":18,"column":33}},"loc":{"start":{"line":18,"column":50},"end":{"line":20,"column":1}}}},"branchMap":{},"s":{"0":1,"1":1,"2":0,"3":1,"4":1,"5":0,"6":1},"f":{"0":0,"1":0},"b":{}}
,"C:\\Users\\Lenovo\\Desktop\\practice\\nurse-mgmt\\src\\utils\\upload.ts": {"path":"C:\\Users\\Lenovo\\Desktop\\practice\\nurse-mgmt\\src\\utils\\upload.ts","statementMap":{"0":{"start":{"line":1,"column":0},"end":{"line":1,"column":58}},"1":{"start":{"line":3,"column":15},"end":{"line":3,"column":32}},"2":{"start":{"line":4,"column":17},"end":{"line":4,"column":37}},"3":{"start":{"line":6,"column":12},"end":{"line":6,"column":30}},"4":{"start":{"line":8,"column":0},"end":{"line":12,"column":3}},"5":{"start":{"line":14,"column":11},"end":{"line":14,"column":44}},"6":{"start":{"line":15,"column":16},"end":{"line":25,"column":4}},"7":{"start":{"line":20,"column":6},"end":{"line":20,"column":44}},"8":{"start":{"line":23,"column":6},"end":{"line":23,"column":null}},"9":{"start":{"line":26,"column":15},"end":{"line":26,"column":71}},"10":{"start":{"line":28,"column":0},"end":{"line":28,"column":22}}},"fnMap":{"0":{"name":"(anonymous_1)","decl":{"start":{"line":19,"column":14},"end":{"line":19,"column":24}},"loc":{"start":{"line":19,"column":49},"end":{"line":21,"column":5}}},"1":{"name":"(anonymous_2)","decl":{"start":{"line":22,"column":9},"end":{"line":22,"column":19}},"loc":{"start":{"line":22,"column":94},"end":{"line":24,"column":5}}}},"branchMap":{},"s":{"0":1,"1":1,"2":1,"3":1,"4":1,"5":1,"6":1,"7":0,"8":0,"9":1,"10":1},"f":{"0":0,"1":0},"b":{}}
,"C:\\Users\\Lenovo\\Desktop\\practice\\nurse-mgmt\\src\\validators\\imageValidator.ts": {"path":"C:\\Users\\Lenovo\\Desktop\\practice\\nurse-mgmt\\src\\validators\\imageValidator.ts","statementMap":{"0":{"start":{"line":1,"column":23},"end":{"line":7,"column":1}},"1":{"start":{"line":2,"column":4},"end":{"line":5,"column":null}},"2":{"start":{"line":3,"column":8},"end":{"line":3,"column":66}},"3":{"start":{"line":4,"column":8},"end":{"line":4,"column":69}},"4":{"start":{"line":6,"column":4},"end":{"line":6,"column":19}},"5":{"start":{"line":10,"column":0},"end":{"line":10,"column":30}}},"fnMap":{"0":{"name":"(anonymous_0)","decl":{"start":{"line":1,"column":23},"end":{"line":1,"column":24}},"loc":{"start":{"line":1,"column":53},"end":{"line":7,"column":1}}}},"branchMap":{"0":{"loc":{"start":{"line":2,"column":4},"end":{"line":5,"column":null}},"type":"if","locations":[{"start":{"line":2,"column":4},"end":{"line":5,"column":null}}]}},"s":{"0":1,"1":0,"2":0,"3":0,"4":0,"5":1},"f":{"0":0},"b":{"0":[0]}}
}
