TN:
SF:src\db.ts
FNF:0
FNH:0
DA:1,2
DA:2,2
DA:5,2
DA:7,2
LF:4
LH:4
BRF:0
BRH:0
end_of_record
TN:
SF:src\index.ts
FN:19,(anonymous_1)
FNF:1
FNH:0
FNDA:0,(anonymous_1)
DA:1,2
DA:2,2
DA:4,2
DA:6,2
DA:8,2
DA:10,2
DA:11,2
DA:13,2
DA:14,2
DA:15,2
DA:16,2
DA:18,2
DA:19,0
DA:20,0
DA:24,2
LF:15
LH:13
BRDA:18,0,0,0
BRF:1
BRH:0
end_of_record
TN:
SF:src\knexfile.ts
FNF:0
FNH:0
DA:2,2
LF:1
LH:1
BRF:0
BRH:0
end_of_record
TN:
SF:src\routes.ts
FN:11,(anonymous_1)
FNF:1
FNH:0
FNDA:0,(anonymous_1)
DA:1,2
DA:3,2
DA:6,2
DA:7,2
DA:9,2
DA:11,2
DA:12,0
DA:15,2
DA:18,2
DA:22,2
LF:10
LH:9
BRF:0
BRH:0
end_of_record
TN:
SF:src\controllers\authController.ts
FN:12,(anonymous_1)
FN:13,(anonymous_2)
FN:30,(anonymous_3)
FN:35,(anonymous_4)
FN:37,(anonymous_5)
FNF:5
FNH:2
FNDA:2,(anonymous_1)
FNDA:2,(anonymous_2)
FNDA:0,(anonymous_3)
FNDA:0,(anonymous_4)
FNDA:0,(anonymous_5)
DA:3,2
DA:4,2
DA:6,2
DA:8,2
DA:10,2
DA:12,2
DA:13,2
DA:14,2
DA:16,1
DA:22,1
DA:23,1
DA:25,1
DA:30,2
DA:31,0
DA:33,0
DA:35,0
DA:36,0
DA:38,0
LF:18
LH:13
BRDA:8,0,0,2
BRDA:8,0,1,0
BRDA:14,1,0,1
BRDA:14,1,1,1
BRF:4
BRH:3
end_of_record
TN:
SF:src\controllers\nurseController.ts
FN:18,(anonymous_1)
FN:31,(anonymous_2)
FN:34,(anonymous_3)
FN:37,(anonymous_4)
FN:38,(anonymous_5)
FN:40,(anonymous_6)
FN:43,(anonymous_7)
FN:45,(anonymous_8)
FN:46,(anonymous_9)
FN:50,(anonymous_10)
FN:53,(anonymous_11)
FN:73,(anonymous_12)
FN:74,(anonymous_13)
FN:77,(anonymous_14)
FN:80,(anonymous_15)
FN:94,(anonymous_16)
FN:95,(anonymous_17)
FN:98,(anonymous_18)
FN:101,(anonymous_19)
FN:110,(anonymous_20)
FN:112,(anonymous_21)
FN:115,(anonymous_22)
FN:117,(anonymous_23)
FNF:23
FNH:8
FNDA:1,(anonymous_1)
FNDA:1,(anonymous_2)
FNDA:0,(anonymous_3)
FNDA:0,(anonymous_4)
FNDA:0,(anonymous_5)
FNDA:0,(anonymous_6)
FNDA:0,(anonymous_7)
FNDA:0,(anonymous_8)
FNDA:0,(anonymous_9)
FNDA:1,(anonymous_10)
FNDA:1,(anonymous_11)
FNDA:1,(anonymous_12)
FNDA:0,(anonymous_13)
FNDA:1,(anonymous_14)
FNDA:1,(anonymous_15)
FNDA:1,(anonymous_16)
FNDA:0,(anonymous_17)
FNDA:0,(anonymous_18)
FNDA:0,(anonymous_19)
FNDA:0,(anonymous_20)
FNDA:0,(anonymous_21)
FNDA:0,(anonymous_22)
FNDA:0,(anonymous_23)
DA:3,2
DA:5,2
DA:7,2
DA:18,2
DA:19,1
DA:20,1
DA:21,1
DA:23,0
DA:25,1
DA:26,0
DA:27,0
DA:31,1
DA:33,1
DA:34,0
DA:37,2
DA:38,0
DA:39,0
DA:40,0
DA:43,2
DA:44,0
DA:45,0
DA:46,0
DA:50,2
DA:51,1
DA:53,1
DA:54,1
DA:55,1
DA:57,1
DA:58,1
DA:59,0
DA:60,0
DA:61,0
DA:63,0
DA:66,1
DA:68,1
DA:70,0
DA:73,1
DA:74,0
DA:77,2
DA:78,1
DA:80,1
DA:81,1
DA:82,1
DA:83,0
DA:84,0
DA:86,0
DA:89,1
DA:91,0
DA:94,1
DA:95,0
DA:98,2
DA:99,0
DA:101,0
DA:102,0
DA:103,0
DA:104,0
DA:107,0
DA:109,0
DA:111,0
DA:113,0
DA:114,0
DA:116,0
DA:117,0
LF:63
LH:30
BRDA:20,0,0,1
BRDA:20,0,1,0
BRDA:25,1,0,0
BRDA:57,2,0,1
BRDA:57,2,1,0
BRDA:58,3,0,0
BRDA:58,3,1,1
BRDA:81,4,0,1
BRDA:81,4,1,0
BRDA:82,5,0,0
BRDA:102,6,0,0
BRDA:102,7,0,0
BRDA:102,7,1,0
BRF:13
BRH:4
end_of_record
TN:
SF:src\middlewares\imageUpload.ts
FN:7,(anonymous_1)
FN:8,(anonymous_2)
FNF:2
FNH:2
FNDA:2,(anonymous_1)
FNDA:2,(anonymous_2)
DA:3,2
DA:5,2
DA:7,2
DA:8,2
DA:9,2
DA:10,0
DA:13,2
DA:17,2
LF:8
LH:7
BRDA:9,0,0,0
BRF:1
BRH:0
end_of_record
TN:
SF:src\middlewares\verification.ts
FN:7,(anonymous_1)
FN:14,(anonymous_2)
FNF:2
FNH:2
FNDA:6,(anonymous_1)
FNDA:4,(anonymous_2)
DA:3,3
DA:5,3
DA:7,3
DA:8,6
DA:9,2
DA:10,2
DA:12,4
DA:14,4
DA:15,4
DA:16,1
DA:17,1
DA:20,3
DA:21,3
LF:13
LH:13
BRDA:5,0,0,3
BRDA:5,0,1,0
BRDA:8,1,0,2
BRDA:8,2,0,6
BRDA:8,2,1,5
BRDA:15,3,0,1
BRF:6
BRH:5
end_of_record
TN:
SF:src\routes\authRoutes.ts
FNF:0
FNH:0
DA:1,2
DA:3,2
DA:5,2
DA:7,2
DA:8,2
DA:12,2
LF:6
LH:6
BRF:0
BRH:0
end_of_record
TN:
SF:src\routes\nurseRoutes.ts
FNF:0
FNH:0
DA:1,2
DA:3,2
DA:5,2
DA:7,2
DA:9,2
DA:11,2
DA:13,2
DA:15,2
DA:17,2
DA:19,2
DA:22,2
LF:11
LH:11
BRF:0
BRH:0
end_of_record
TN:
SF:src\services\nurseServices.ts
FN:15,(anonymous_1)
FN:19,(anonymous_2)
FN:21,(anonymous_3)
FN:22,(anonymous_4)
FN:30,(anonymous_5)
FN:32,(anonymous_6)
FN:39,(anonymous_7)
FN:40,(anonymous_8)
FN:43,(anonymous_9)
FN:47,(anonymous_10)
FN:51,(anonymous_11)
FNF:11
FNH:7
FNDA:1,(anonymous_1)
FNDA:0,(anonymous_2)
FNDA:0,(anonymous_3)
FNDA:0,(anonymous_4)
FNDA:1,(anonymous_5)
FNDA:1,(anonymous_6)
FNDA:1,(anonymous_7)
FNDA:1,(anonymous_8)
FNDA:1,(anonymous_9)
FNDA:0,(anonymous_10)
FNDA:3,(anonymous_11)
DA:1,2
DA:15,2
DA:16,1
DA:19,2
DA:20,0
DA:22,0
DA:23,0
DA:24,0
DA:26,0
DA:30,2
DA:31,1
DA:33,1
DA:34,1
DA:35,1
DA:39,2
DA:40,1
DA:43,2
DA:44,1
DA:47,2
DA:48,0
DA:51,2
DA:52,3
LF:22
LH:16
BRF:0
BRH:0
end_of_record
TN:
SF:src\services\userSerivces.ts
FN:11,(anonymous_1)
FN:15,(anonymous_2)
FNF:2
FNH:1
FNDA:0,(anonymous_1)
FNDA:3,(anonymous_2)
DA:1,2
DA:11,2
DA:12,0
DA:15,2
DA:16,3
LF:5
LH:4
BRF:0
BRH:0
end_of_record
TN:
SF:src\utils\upload.ts
FN:9,(anonymous_1)
FN:12,(anonymous_2)
FNF:2
FNH:0
FNDA:0,(anonymous_1)
FNDA:0,(anonymous_2)
DA:1,2
DA:3,2
DA:8,2
DA:10,0
DA:13,0
DA:14,0
DA:16,0
DA:20,2
DA:23,2
LF:9
LH:5
BRF:0
BRH:0
end_of_record
TN:
SF:src\validators\imageValidator.ts
FN:1,(anonymous_0)
FNF:1
FNH:0
FNDA:0,(anonymous_0)
DA:1,2
DA:2,0
DA:3,0
DA:4,0
DA:6,0
DA:10,2
LF:6
LH:2
BRDA:2,0,0,0
BRF:1
BRH:0
end_of_record
